#
# There is insufficient memory for the Java Runtime Environment to continue.
# Native memory allocation (mmap) failed to map 132120576 bytes for G1 virtual space
# Possible reasons:
#   The system is out of physical RAM or swap space
#   The process is running with CompressedOops enabled, and the Java Heap may be blocking the growth of the native heap
# Possible solutions:
#   Reduce memory load on the system
#   Increase physical memory or swap space
#   Check if swap backing store is full
#   Decrease Java heap size (-Xmx/-Xms)
#   Decrease number of Java threads
#   Decrease Java thread stack sizes (-Xss)
#   Set larger code cache with -XX:ReservedCodeCacheSize=
#   JVM is running with Unscaled Compressed Oops mode in which the Java heap is
#     placed in the first 4GB address space. The Java Heap base address is the
#     maximum limit for the native heap growth. Please use -XX:HeapBaseMinAddress
#     to set the Java Heap base and to place the Java Heap above 4GB virtual address.
# This output file may be truncated or incomplete.
#
#  Out of Memory Error (os_windows.cpp:3469), pid=37216, tid=82640
#
# JRE version:  (17.0.1+12) (build )
# Java VM: Java HotSpot(TM) 64-Bit Server VM (17.0.1+12-LTS-39, mixed mode, sharing, tiered, compressed oops, compressed class ptrs, g1 gc, windows-amd64)
# No core dump will be written. Minidumps are not enabled by default on client versions of Windows
#

---------------  S U M M A R Y ------------

Command Line: -javaagent:C:\Users\gilad\AppData\Local\Google\AndroidStudio2021.3\testAgent\intellij-coverage-agent-1.0.613.jar=C:\Users\gilad\AppData\Local\Temp\coverage2args -Didea.new.sampling.coverage=true -Dcoverage.ignore.private.constructor.util.class=true -javaagent:C:\Program Files\Android\Android Studio\lib\idea_rt.jar=55036:C:\Program Files\Android\Android Studio\bin -Dfile.encoding=UTF-8 connection.HttpManager

Host: Intel(R) Core(TM) i7-8565U CPU @ 1.80GHz, 8 cores, 7G,  Windows 10 , 64 bit Build 22621 (10.0.22621.963)
Time: Thu Jan 12 23:16:29 2023  Windows 10 , 64 bit Build 22621 (10.0.22621.963) elapsed time: 0.094562 seconds (0d 0h 0m 0s)

---------------  T H R E A D  ---------------

Current thread (0x000002527756cc50):  JavaThread "Unknown thread" [_thread_in_vm, id=82640, stack(0x000000c980f00000,0x000000c981000000)]

Stack: [0x000000c980f00000,0x000000c981000000]
Native frames: (J=compiled Java code, j=interpreted, Vv=VM code, C=native code)
V  [jvm.dll+0x66fa1a]
V  [jvm.dll+0x7ce5a4]
V  [jvm.dll+0x7cfd4e]
V  [jvm.dll+0x7d03b3]
V  [jvm.dll+0x242b05]
V  [jvm.dll+0x66ca39]
V  [jvm.dll+0x661502]
V  [jvm.dll+0x30081b]
V  [jvm.dll+0x307da6]
V  [jvm.dll+0x357a1e]
V  [jvm.dll+0x357c4f]
V  [jvm.dll+0x2d7ad8]
V  [jvm.dll+0x2d8a44]
V  [jvm.dll+0x7a01e1]
V  [jvm.dll+0x365791]
V  [jvm.dll+0x77f6cc]
V  [jvm.dll+0x3e812f]
V  [jvm.dll+0x3e9bd1]
C  [jli.dll+0x527b]
C  [ucrtbase.dll+0x29363]
C  [KERNEL32.DLL+0x126bd]
C  [ntdll.dll+0x5dfb8]


---------------  P R O C E S S  ---------------

Threads class SMR info:
_java_thread_list=0x00007ffc703d7818, length=0, elements={
}

Java Threads: ( => current thread )

Other Threads:
  0x000002527758d770 GCTaskThread "GC Thread#0" [stack: 0x000000c981000000,0x000000c981100000] [id=30760]
  0x00000252775bfc10 ConcurrentGCThread "G1 Main Marker" [stack: 0x000000c981100000,0x000000c981200000] [id=85024]
  0x00000252775c0620 ConcurrentGCThread "G1 Conc#0" [stack: 0x000000c981200000,0x000000c981300000] [id=18308]

[error occurred during error reporting (printing all threads), id 0xc0000005, EXCEPTION_ACCESS_VIOLATION (0xc0000005) at pc=0x00007ffc6fc284b7]

VM state: not at safepoint (not fully initialized)

VM Mutex/Monitor currently owned by a thread:  ([mutex/lock_event])
[0x0000025277568a10] Heap_lock - owner thread: 0x000002527756cc50

Heap address: 0x0000000082e00000, size: 2002 MB, Compressed Oops mode: 32-bit

CDS archive(s) mapped at: [0x0000000000000000-0x0000000000000000-0x0000000000000000), size 0, SharedBaseAddress: 0x0000000800000000, ArchiveRelocationMode: 0.
Narrow klass base: 0x0000000000000000, Narrow klass shift: 0, Narrow klass range: 0x0

GC Precious Log:
<Empty>

Heap:
 garbage-first heap   total 0K, used 0K [0x0000000082e00000, 0x0000000100000000)
  region size 1024K, 0 young (0K), 0 survivors (0K)

[error occurred during error reporting (printing heap information), id 0xc0000005, EXCEPTION_ACCESS_VIOLATION (0xc0000005) at pc=0x00007ffc70008d89]

GC Heap History (0 events):
No events

Deoptimization events (0 events):
No events

Classes unloaded (0 events):
No events

Classes redefined (0 events):
No events

Internal exceptions (0 events):
No events

VM Operations (0 events):
No events

Events (2 events):
Event: 0.058 Loaded shared library C:\Program Files\Java\jdk-17.0.1\bin\java.dll
Event: 0.063 Loaded shared library C:\Program Files\Java\jdk-17.0.1\bin\zip.dll


Dynamic libraries:
0x00007ff653ef0000 - 0x00007ff653f00000 	C:\Program Files\Java\jdk-17.0.1\bin\java.exe
0x00007ffcfc230000 - 0x00007ffcfc444000 	C:\WINDOWS\SYSTEM32\ntdll.dll
0x00007ffcfb2e0000 - 0x00007ffcfb3a3000 	C:\WINDOWS\System32\KERNEL32.DLL
0x00007ffcf96f0000 - 0x00007ffcf9a8d000 	C:\WINDOWS\System32\KERNELBASE.dll
0x00007ffcf9a90000 - 0x00007ffcf9ba1000 	C:\WINDOWS\System32\ucrtbase.dll
0x00007ffcdc930000 - 0x00007ffcdc948000 	C:\Program Files\Java\jdk-17.0.1\bin\jli.dll
0x00007ffcdc480000 - 0x00007ffcdc49a000 	C:\Program Files\Java\jdk-17.0.1\bin\VCRUNTIME140.dll
0x00007ffcfad20000 - 0x00007ffcfadce000 	C:\WINDOWS\System32\ADVAPI32.dll
0x00007ffcfb0e0000 - 0x00007ffcfb187000 	C:\WINDOWS\System32\msvcrt.dll
0x00007ffcfa250000 - 0x00007ffcfa2f4000 	C:\WINDOWS\System32\sechost.dll
0x00007ffcfa5b0000 - 0x00007ffcfa6c5000 	C:\WINDOWS\System32\RPCRT4.dll
0x00007ffcfa300000 - 0x00007ffcfa4ad000 	C:\WINDOWS\System32\USER32.dll
0x00007ffcf9ff0000 - 0x00007ffcfa016000 	C:\WINDOWS\System32\win32u.dll
0x00007ffcfa6d0000 - 0x00007ffcfa6f9000 	C:\WINDOWS\System32\GDI32.dll
0x00007ffcf8830000 - 0x00007ffcf8abe000 	C:\WINDOWS\WinSxS\amd64_microsoft.windows.common-controls_6595b64144ccf1df_6.0.22621.608_none_a9444ca7c10bb01d\COMCTL32.dll
0x00007ffcf9e50000 - 0x00007ffcf9f62000 	C:\WINDOWS\System32\gdi32full.dll
0x00007ffcf9650000 - 0x00007ffcf96ea000 	C:\WINDOWS\System32\msvcp_win.dll
0x00007ffcf5e90000 - 0x00007ffcf5e9a000 	C:\WINDOWS\SYSTEM32\VERSION.dll
0x00007ffcfbba0000 - 0x00007ffcfbbd2000 	C:\WINDOWS\System32\IMM32.DLL
0x00007ffcde210000 - 0x00007ffcde21c000 	C:\Program Files\Java\jdk-17.0.1\bin\vcruntime140_1.dll
0x00007ffc971f0000 - 0x00007ffc9727d000 	C:\Program Files\Java\jdk-17.0.1\bin\msvcp140.dll
0x00007ffc6f940000 - 0x00007ffc704fe000 	C:\Program Files\Java\jdk-17.0.1\bin\server\jvm.dll
0x00007ffcfbf70000 - 0x00007ffcfbf78000 	C:\WINDOWS\System32\PSAPI.DLL
0x00007ffceb270000 - 0x00007ffceb2a4000 	C:\WINDOWS\SYSTEM32\WINMM.dll
0x00007ffcc6400000 - 0x00007ffcc6409000 	C:\WINDOWS\SYSTEM32\WSOCK32.dll
0x00007ffcfa530000 - 0x00007ffcfa5a1000 	C:\WINDOWS\System32\WS2_32.dll
0x00007ffcf7880000 - 0x00007ffcf7898000 	C:\WINDOWS\SYSTEM32\kernel.appcore.dll
0x00007ffcdabd0000 - 0x00007ffcdabda000 	C:\Program Files\Java\jdk-17.0.1\bin\jimage.dll
0x00007ffcf8fc0000 - 0x00007ffcf91ee000 	C:\WINDOWS\SYSTEM32\DBGHELP.DLL
0x00007ffcfbbe0000 - 0x00007ffcfbf6a000 	C:\WINDOWS\System32\combase.dll
0x00007ffcfae30000 - 0x00007ffcfaf07000 	C:\WINDOWS\System32\OLEAUT32.dll
0x00007ffcf8e10000 - 0x00007ffcf8e42000 	C:\WINDOWS\SYSTEM32\dbgcore.DLL
0x00007ffcf9f70000 - 0x00007ffcf9feb000 	C:\WINDOWS\System32\bcryptPrimitives.dll
0x00007ffcddcb0000 - 0x00007ffcddcbe000 	C:\Program Files\Java\jdk-17.0.1\bin\instrument.dll
0x00007ffccd7a0000 - 0x00007ffccd7c5000 	C:\Program Files\Java\jdk-17.0.1\bin\java.dll
0x00007ffccd390000 - 0x00007ffccd3a8000 	C:\Program Files\Java\jdk-17.0.1\bin\zip.dll

dbghelp: loaded successfully - version: 4.0.5 - missing functions: none
symbol engine: initialized successfully - sym options: 0x614 - pdb path: .;C:\Program Files\Java\jdk-17.0.1\bin;C:\WINDOWS\SYSTEM32;C:\WINDOWS\WinSxS\amd64_microsoft.windows.common-controls_6595b64144ccf1df_6.0.22621.608_none_a9444ca7c10bb01d;C:\Program Files\Java\jdk-17.0.1\bin\server

VM Arguments:
jvm_args: -javaagent:C:\Users\gilad\AppData\Local\Google\AndroidStudio2021.3\testAgent\intellij-coverage-agent-1.0.613.jar=C:\Users\gilad\AppData\Local\Temp\coverage2args -Didea.new.sampling.coverage=true -Dcoverage.ignore.private.constructor.util.class=true -javaagent:C:\Program Files\Android\Android Studio\lib\idea_rt.jar=55036:C:\Program Files\Android\Android Studio\bin -Dfile.encoding=UTF-8 
java_command: connection.HttpManager
java_class_path (initial): D:\gilad\programs\University\softwere_eng\TeachMe\loginPage\app\build\intermediates\javac\debug\classes;D:\gilad\programs\University\softwere_eng\TeachMe\loginPage\app\build\intermediates\compile_and_runtime_not_namespaced_r_class_jar\debug\R.jar;D:\gilad\programs\University\softwere_eng\TeachMe\loginPage\app\build\generated\res\google-services\debug;D:\gilad\programs\University\softwere_eng\TeachMe\loginPage\app\build\generated\res\resValues\debug;C:\Users\gilad\.gradle\caches\modules-2\files-2.1\androidx.annotation\annotation\1.3.0\21f49f5f9b85fc49de712539f79123119740595\annotation-1.3.0.jar;C:\Users\gilad\.gradle\caches\modules-2\files-2.1\androidx.arch.core\core-common\2.1.0\b3152fc64428c9354344bd89848ecddc09b6f07e\core-common-2.1.0.jar;C:\Users\gilad\.gradle\caches\modules-2\files-2.1\androidx.lifecycle\lifecycle-common\2.5.1\1fdb7349701e9cf2f0a69fc10642b6fef6bb3e12\lifecycle-common-2.5.1.jar;C:\Users\gilad\.gradle\caches\modules-2\files-2.1\androidx.collection\collection\1.1.0\1f27220b47669781457de0d600849a5de0e89909\collection-1.1.0.jar;C:\Users\gilad\.gradle\caches\modules-2\files-2.1\org.jetbrains.kotlin\kotlin-stdlib\1.7.10\d2abf9e77736acc4450dc4a3f707fa2c10f5099d\kotlin-stdlib-1.7.10.jar;C:\Users\gilad\.gradle\caches\modules-2\files-2.1\org.jetbrains.kotlin\kotlin-stdlib-common\1.7.10\bac80c520d0a9e3f3673bc2658c6ed02ef45a76a\kotlin-stdlib-common-1.7.10.jar;C:\Users\gilad\.gradle\caches\modules-2\files-2.1\org.jetbrains\annotations\13.0\919f0dfe192fb4e063e7dacadee7f8bb9a2672a9\annotations-13.0.jar;C:\Users\gilad\.gradle\caches\modules-2\files-2.1\org.jetbrains.kotlinx\kotlinx-coroutines-android\1.6.1\4e61fcdcc508cbaa37c4a284a50205d7c7767e37\kotlinx-coroutines-android-1.6.1.jar;C:\Users\gilad\.gradle\caches\modules-2\files-2.1\org.jetbrains.kotlinx\kotlinx-coroutines-core-jvm\1.6.1\97fd74ccf54a863d221956ffcd21835e168e2aaa\kotlinx-coroutines-core-jvm-1.6.1.jar;C:\Users\gilad\.gradle\caches\modules-2\files-2.1\org.jetbrains.kotlin
Launcher Type: SUN_STANDARD

[Global flags]
     intx CICompilerCount                          = 4                                         {product} {ergonomic}
     uint ConcGCThreads                            = 2                                         {product} {ergonomic}
     uint G1ConcRefinementThreads                  = 8                                         {product} {ergonomic}
   size_t G1HeapRegionSize                         = 1048576                                   {product} {ergonomic}
    uintx GCDrainStackTargetSize                   = 64                                        {product} {ergonomic}
   size_t InitialHeapSize                          = 132120576                                 {product} {ergonomic}
   size_t MarkStackSize                            = 4194304                                   {product} {ergonomic}
   size_t MaxHeapSize                              = 2099249152                                {product} {ergonomic}
   size_t MinHeapDeltaBytes                        = 1048576                                   {product} {ergonomic}
   size_t MinHeapSize                              = 8388608                                   {product} {ergonomic}
    uintx NonNMethodCodeHeapSize                   = 5839372                                {pd product} {ergonomic}
    uintx NonProfiledCodeHeapSize                  = 122909434                              {pd product} {ergonomic}
    uintx ProfiledCodeHeapSize                     = 122909434                              {pd product} {ergonomic}
    uintx ReservedCodeCacheSize                    = 251658240                              {pd product} {ergonomic}
     bool SegmentedCodeCache                       = true                                      {product} {ergonomic}
   size_t SoftMaxHeapSize                          = 2099249152                             {manageable} {ergonomic}
     bool UseCompressedClassPointers               = true                           {product lp64_product} {ergonomic}
     bool UseCompressedOops                        = true                           {product lp64_product} {ergonomic}
     bool UseG1GC                                  = true                                      {product} {ergonomic}
     bool UseLargePagesIndividualAllocation        = false                                  {pd product} {ergonomic}

Logging:
Log output configuration:
 #0: stdout all=warning uptime,level,tags
 #1: stderr all=off uptime,level,tags

Environment Variables:
JAVA_HOME=C:\Program Files\Java\jdk-17.0.1
PATH=C:\Program Files\Common Files\Oracle\Java\javapath;C:\Program Files\Microsoft MPI\Bin\;C:\Program Files (x86)\Razer Chroma SDK\bin;C:\Program Files\Razer Chroma SDK\bin;C:\Program Files (x86)\Razer\ChromaBroadcast\bin;C:\Program Files\Razer\ChromaBroadcast\bin;C:\Windows\system32;C:\Windows;C:\Windows\System32\Wbem;C:\Windows\System32\WindowsPowerShell\v1.0\;C:\Windows\System32\OpenSSH\;C:\Program Files (x86)\NVIDIA Corporation\PhysX\Common;C:\Program Files\NVIDIA Corporation\NVIDIA NvDLISR;C:\Program Files\dotnet\;C:\Program Files\Microsoft SQL Server\130\Tools\Binn\;C:\Program Files\Microsoft SQL Server\Client SDK\ODBC\170\Tools\Binn\;C:\WINDOWS\system32;C:\WINDOWS;C:\WINDOWS\System32\Wbem;C:\WINDOWS\System32\WindowsPowerShell\v1.0\;C:\WINDOWS\System32\OpenSSH\;C:\Program Files\Git\cmd;C:\Users\gilad\AppData\Local\Programs\Python\Python38-32\;C:\Users\gilad\AppData\Local\Microsoft\WindowsApps;C:\Users\gilad\.dotnet\tools;C:\Program Files\WinRAR;C:\Program Files (x86)\Microsoft SQL Server\150\Tools\Binn\;C:\Program Files\Microsoft SQL Server\150\Tools\Binn\;C:\Program Files\Microsoft SQL Server\150\DTS\Binn\;C:\Program Files (x86)\Microsoft SQL Server\150\DTS\Binn\;C:\Users\gilad\AppData\Local\Programs\Python\Python38-32\Scripts;D:\gilad\לימודים\אריאל\מדמח\שנה א - 2020-2021\סמסטר ב\ארכיטקטורה של מחשבים\nand2tetris\nand2tetris\tools;C:\Program Files (x86)\GnuWin32\bin;D:\gilad\לימודים\אריאל\מדמח\שנה ב - 2021-2022\סמסטר ב\מעבדת הגנה\SysinternalsSuite;D:\gilad\programs\opencv\build\x64\vc15\bin\;C:\Program Files (x86)\dotnet\;C:\WINDOWS\system32;C:\WINDOWS;C:\WINDOWS\System32\Wbem;C:\WINDOWS\System32\WindowsPowerShell\v1.0\;C:\WINDOWS\System32\OpenSSH\;C:\Users\gilad\AppData\Local\Microsoft\WindowsApps;C:\Program Files\JetBrains\PyCharm Community Edition 2019.3\bin;C:\Users\gilad\AppData\Local\Programs\MiKTeX 2.9\miktex\bin\x64\;C:\Users\gilad\AppData\Local\GitHubDesktop\bin;C:\Users\gilad\AppData\Local\Programs\Fiddler;C:\Program Files\JetBrains\IntelliJ IDEA Commu
USERNAME=gilad
OS=Windows_NT
PROCESSOR_IDENTIFIER=Intel64 Family 6 Model 142 Stepping 12, GenuineIntel



---------------  S Y S T E M  ---------------

OS:
 Windows 10 , 64 bit Build 22621 (10.0.22621.963)
OS uptime: 2 days 0:43 hours

CPU: total 8 (initial active 8) (4 cores per cpu, 2 threads per core) family 6 model 142 stepping 12 microcode 0xde, cx8, cmov, fxsr, ht, mmx, 3dnowpref, sse, sse2, sse3, ssse3, sse4.1, sse4.2, popcnt, lzcnt, tsc, tscinvbit, avx, avx2, aes, erms, clmul, bmi1, bmi2, adx, fma, vzeroupper, clflush, clflushopt

Memory: 4k page, system-wide physical 8005M (141M free)
TotalPageFile size 32581M (AvailPageFile size 74M)
current process WorkingSet (physical memory assigned to process): 11M, peak: 11M
current process commit charge ("private bytes"): 60M, peak: 186M

vm_info: Java HotSpot(TM) 64-Bit Server VM (17.0.1+12-LTS-39) for windows-amd64 JRE (17.0.1+12-LTS-39), built on Sep 27 2021 18:41:35 by "mach5one" with MS VC++ 16.8 (VS2019)

END.
