#
# There is insufficient memory for the Java Runtime Environment to continue.
# Native memory allocation (malloc) failed to allocate 95696 bytes for Chunk::new
# Possible reasons:
#   The system is out of physical RAM or swap space
#   The process is running with CompressedOops enabled, and the Java Heap may be blocking the growth of the native heap
# Possible solutions:
#   Reduce memory load on the system
#   Increase physical memory or swap space
#   Check if swap backing store is full
#   Decrease Java heap size (-Xmx/-Xms)
#   Decrease number of Java threads
#   Decrease Java thread stack sizes (-Xss)
#   Set larger code cache with -XX:ReservedCodeCacheSize=
#   JVM is running with Unscaled Compressed Oops mode in which the Java heap is
#     placed in the first 4GB address space. The Java Heap base address is the
#     maximum limit for the native heap growth. Please use -XX:HeapBaseMinAddress
#     to set the Java Heap base and to place the Java Heap above 4GB virtual address.
# This output file may be truncated or incomplete.
#
#  Out of Memory Error (arena.cpp:189), pid=43216, tid=35104
#
# JRE version: Java(TM) SE Runtime Environment (17.0.1+12) (build 17.0.1+12-LTS-39)
# Java VM: Java HotSpot(TM) 64-Bit Server VM (17.0.1+12-LTS-39, mixed mode, tiered, compressed oops, compressed class ptrs, g1 gc, windows-amd64)
# No core dump will be written. Minidumps are not enabled by default on client versions of Windows
#

---------------  S U M M A R Y ------------

Command Line: -javaagent:C:\Users\gilad\AppData\Local\Google\AndroidStudio2021.3\testAgent\intellij-coverage-agent-1.0.613.jar=C:\Users\gilad\AppData\Local\Temp\coverage11args -Didea.new.sampling.coverage=true -Dcoverage.ignore.private.constructor.util.class=true -javaagent:C:\Program Files\Android\Android Studio\lib\idea_rt.jar=55110:C:\Program Files\Android\Android Studio\bin -Dfile.encoding=UTF-8 connection.HttpManager

Host: Intel(R) Core(TM) i7-8565U CPU @ 1.80GHz, 8 cores, 7G,  Windows 10 , 64 bit Build 22621 (10.0.22621.963)
Time: Thu Jan 12 23:17:16 2023  Windows 10 , 64 bit Build 22621 (10.0.22621.963) elapsed time: 1.498070 seconds (0d 0h 0m 1s)

---------------  T H R E A D  ---------------

Current thread (0x000001f720db1d90):  JavaThread "C2 CompilerThread0" daemon [_thread_in_native, id=35104, stack(0x000000eebce00000,0x000000eebcf00000)]


Current CompileTask:
C2:   1498  502 %     4       java.io.WinNTFileSystem::normalize @ 58 (224 bytes)

Stack: [0x000000eebce00000,0x000000eebcf00000]
Native frames: (J=compiled Java code, j=interpreted, Vv=VM code, C=native code)
V  [jvm.dll+0x66fa1a]
V  [jvm.dll+0x7ce5a4]
V  [jvm.dll+0x7cfd4e]
V  [jvm.dll+0x7d03b3]
V  [jvm.dll+0x242b05]
V  [jvm.dll+0xaa05b]
V  [jvm.dll+0xaa5ec]
V  [jvm.dll+0x35f9b2]
V  [jvm.dll+0x1b93c5]
V  [jvm.dll+0x215d49]
V  [jvm.dll+0x215011]
V  [jvm.dll+0x1a168d]
V  [jvm.dll+0x224848]
V  [jvm.dll+0x2229ac]
V  [jvm.dll+0x78435b]
V  [jvm.dll+0x77e91a]
V  [jvm.dll+0x66e845]
C  [ucrtbase.dll+0x29363]
C  [KERNEL32.DLL+0x126bd]
C  [ntdll.dll+0x5dfb8]


---------------  P R O C E S S  ---------------

Threads class SMR info:
_java_thread_list=0x000001f721bbe570, length=13, elements={
0x000001f700ddd810, 0x000001f721826260, 0x000001f720d8fa90, 0x000001f7218324f0,
0x000001f721834eb0, 0x000001f720daf7c0, 0x000001f720db0170, 0x000001f720db1d90,
0x000001f721869c70, 0x000001f720dbbe50, 0x000001f720d33400, 0x000001f721c9e450,
0x000001f721c9ed20
}

Java Threads: ( => current thread )
  0x000001f700ddd810 JavaThread "main" [_thread_in_Java, id=85216, stack(0x000000eebc100000,0x000000eebc200000)]
  0x000001f721826260 JavaThread "Reference Handler" daemon [_thread_blocked, id=86216, stack(0x000000eebc800000,0x000000eebc900000)]
  0x000001f720d8fa90 JavaThread "Finalizer" daemon [_thread_blocked, id=36092, stack(0x000000eebc900000,0x000000eebca00000)]
  0x000001f7218324f0 JavaThread "Signal Dispatcher" daemon [_thread_blocked, id=36036, stack(0x000000eebca00000,0x000000eebcb00000)]
  0x000001f721834eb0 JavaThread "Attach Listener" daemon [_thread_blocked, id=83236, stack(0x000000eebcb00000,0x000000eebcc00000)]
  0x000001f720daf7c0 JavaThread "Service Thread" daemon [_thread_blocked, id=70592, stack(0x000000eebcc00000,0x000000eebcd00000)]
  0x000001f720db0170 JavaThread "Monitor Deflation Thread" daemon [_thread_blocked, id=39928, stack(0x000000eebcd00000,0x000000eebce00000)]
=>0x000001f720db1d90 JavaThread "C2 CompilerThread0" daemon [_thread_in_native, id=35104, stack(0x000000eebce00000,0x000000eebcf00000)]
  0x000001f721869c70 JavaThread "C1 CompilerThread0" daemon [_thread_in_native, id=80448, stack(0x000000eebcf00000,0x000000eebd000000)]
  0x000001f720dbbe50 JavaThread "Sweeper thread" daemon [_thread_blocked, id=57472, stack(0x000000eebd000000,0x000000eebd100000)]
  0x000001f720d33400 JavaThread "Common-Cleaner" daemon [_thread_blocked, id=50288, stack(0x000000eebd100000,0x000000eebd200000)]
  0x000001f721c9e450 JavaThread "Monitor Ctrl-Break" daemon [_thread_in_vm, id=54696, stack(0x000000eebd200000,0x000000eebd300000)]
  0x000001f721c9ed20 JavaThread "Notification Thread" daemon [_thread_blocked, id=86608, stack(0x000000eebd300000,0x000000eebd400000)]

Other Threads:
  0x000001f720d66670 VMThread "VM Thread" [stack: 0x000000eebc700000,0x000000eebc800000] [id=37964]
  0x000001f721ca00a0 WatcherThread [stack: 0x000000eebd400000,0x000000eebd500000] [id=41816]
  0x000001f700dfe390 GCTaskThread "GC Thread#0" [stack: 0x000000eebc200000,0x000000eebc300000] [id=63528]
  0x000001f700e317b0 ConcurrentGCThread "G1 Main Marker" [stack: 0x000000eebc300000,0x000000eebc400000] [id=70040]
  0x000001f700e321c0 ConcurrentGCThread "G1 Conc#0" [stack: 0x000000eebc400000,0x000000eebc500000] [id=38212]
  0x000001f700e7eb10 ConcurrentGCThread "G1 Refine#0" [stack: 0x000000eebc500000,0x000000eebc600000] [id=86880]
  0x000001f720bfc8c0 ConcurrentGCThread "G1 Service" [stack: 0x000000eebc600000,0x000000eebc700000] [id=60936]

Threads with active compile tasks:
C2 CompilerThread0     1573  502 %     4       java.io.WinNTFileSystem::normalize @ 58 (224 bytes)
C1 CompilerThread0     1573  528       3       org.jetbrains.coverage.org.objectweb.asm.Frame::execute (2318 bytes)

VM state: not at safepoint (normal execution)

VM Mutex/Monitor currently owned by a thread: None

Heap address: 0x0000000082e00000, size: 2002 MB, Compressed Oops mode: 32-bit

CDS archive(s) not mapped
Compressed class space mapped at: 0x0000000100000000-0x0000000140000000, reserved size: 1073741824
Narrow klass base: 0x0000000000000000, Narrow klass shift: 3, Narrow klass range: 0x140000000

GC Precious Log:
 CPUs: 8 total, 8 available
 Memory: 8005M
 Large Page Support: Disabled
 NUMA Support: Disabled
 Compressed Oops: Enabled (32-bit)
 Heap Region Size: 1M
 Heap Min Capacity: 8M
 Heap Initial Capacity: 126M
 Heap Max Capacity: 2002M
 Pre-touch: Disabled
 Parallel Workers: 8
 Concurrent Workers: 2
 Concurrent Refinement Workers: 8
 Periodic GC: Disabled

Heap:
 garbage-first heap   total 129024K, used 7168K [0x0000000082e00000, 0x0000000100000000)
  region size 1024K, 9 young (9216K), 0 survivors (0K)
 Metaspace       used 9034K, committed 9216K, reserved 1064960K
  class space    used 757K, committed 832K, reserved 1048576K

Heap Regions: E=young(eden), S=young(survivor), O=old, HS=humongous(starts), HC=humongous(continues), CS=collection set, F=free, OA=open archive, CA=closed archive, TAMS=top-at-mark-start (previous, next)
|   0|0x0000000082e00000, 0x0000000082e00000, 0x0000000082f00000|  0%| F|  |TAMS 0x0000000082e00000, 0x0000000082e00000| Untracked 
|   1|0x0000000082f00000, 0x0000000082f00000, 0x0000000083000000|  0%| F|  |TAMS 0x0000000082f00000, 0x0000000082f00000| Untracked 
|   2|0x0000000083000000, 0x0000000083000000, 0x0000000083100000|  0%| F|  |TAMS 0x0000000083000000, 0x0000000083000000| Untracked 
|   3|0x0000000083100000, 0x0000000083100000, 0x0000000083200000|  0%| F|  |TAMS 0x0000000083100000, 0x0000000083100000| Untracked 
|   4|0x0000000083200000, 0x0000000083200000, 0x0000000083300000|  0%| F|  |TAMS 0x0000000083200000, 0x0000000083200000| Untracked 
|   5|0x0000000083300000, 0x0000000083300000, 0x0000000083400000|  0%| F|  |TAMS 0x0000000083300000, 0x0000000083300000| Untracked 
|   6|0x0000000083400000, 0x0000000083400000, 0x0000000083500000|  0%| F|  |TAMS 0x0000000083400000, 0x0000000083400000| Untracked 
|   7|0x0000000083500000, 0x0000000083500000, 0x0000000083600000|  0%| F|  |TAMS 0x0000000083500000, 0x0000000083500000| Untracked 
|   8|0x0000000083600000, 0x0000000083600000, 0x0000000083700000|  0%| F|  |TAMS 0x0000000083600000, 0x0000000083600000| Untracked 
|   9|0x0000000083700000, 0x0000000083700000, 0x0000000083800000|  0%| F|  |TAMS 0x0000000083700000, 0x0000000083700000| Untracked 
|  10|0x0000000083800000, 0x0000000083800000, 0x0000000083900000|  0%| F|  |TAMS 0x0000000083800000, 0x0000000083800000| Untracked 
|  11|0x0000000083900000, 0x0000000083900000, 0x0000000083a00000|  0%| F|  |TAMS 0x0000000083900000, 0x0000000083900000| Untracked 
|  12|0x0000000083a00000, 0x0000000083a00000, 0x0000000083b00000|  0%| F|  |TAMS 0x0000000083a00000, 0x0000000083a00000| Untracked 
|  13|0x0000000083b00000, 0x0000000083b00000, 0x0000000083c00000|  0%| F|  |TAMS 0x0000000083b00000, 0x0000000083b00000| Untracked 
|  14|0x0000000083c00000, 0x0000000083c00000, 0x0000000083d00000|  0%| F|  |TAMS 0x0000000083c00000, 0x0000000083c00000| Untracked 
|  15|0x0000000083d00000, 0x0000000083d00000, 0x0000000083e00000|  0%| F|  |TAMS 0x0000000083d00000, 0x0000000083d00000| Untracked 
|  16|0x0000000083e00000, 0x0000000083e00000, 0x0000000083f00000|  0%| F|  |TAMS 0x0000000083e00000, 0x0000000083e00000| Untracked 
|  17|0x0000000083f00000, 0x0000000083f00000, 0x0000000084000000|  0%| F|  |TAMS 0x0000000083f00000, 0x0000000083f00000| Untracked 
|  18|0x0000000084000000, 0x0000000084000000, 0x0000000084100000|  0%| F|  |TAMS 0x0000000084000000, 0x0000000084000000| Untracked 
|  19|0x0000000084100000, 0x0000000084100000, 0x0000000084200000|  0%| F|  |TAMS 0x0000000084100000, 0x0000000084100000| Untracked 
|  20|0x0000000084200000, 0x0000000084200000, 0x0000000084300000|  0%| F|  |TAMS 0x0000000084200000, 0x0000000084200000| Untracked 
|  21|0x0000000084300000, 0x0000000084300000, 0x0000000084400000|  0%| F|  |TAMS 0x0000000084300000, 0x0000000084300000| Untracked 
|  22|0x0000000084400000, 0x0000000084400000, 0x0000000084500000|  0%| F|  |TAMS 0x0000000084400000, 0x0000000084400000| Untracked 
|  23|0x0000000084500000, 0x0000000084500000, 0x0000000084600000|  0%| F|  |TAMS 0x0000000084500000, 0x0000000084500000| Untracked 
|  24|0x0000000084600000, 0x0000000084600000, 0x0000000084700000|  0%| F|  |TAMS 0x0000000084600000, 0x0000000084600000| Untracked 
|  25|0x0000000084700000, 0x0000000084700000, 0x0000000084800000|  0%| F|  |TAMS 0x0000000084700000, 0x0000000084700000| Untracked 
|  26|0x0000000084800000, 0x0000000084800000, 0x0000000084900000|  0%| F|  |TAMS 0x0000000084800000, 0x0000000084800000| Untracked 
|  27|0x0000000084900000, 0x0000000084900000, 0x0000000084a00000|  0%| F|  |TAMS 0x0000000084900000, 0x0000000084900000| Untracked 
|  28|0x0000000084a00000, 0x0000000084a00000, 0x0000000084b00000|  0%| F|  |TAMS 0x0000000084a00000, 0x0000000084a00000| Untracked 
|  29|0x0000000084b00000, 0x0000000084b00000, 0x0000000084c00000|  0%| F|  |TAMS 0x0000000084b00000, 0x0000000084b00000| Untracked 
|  30|0x0000000084c00000, 0x0000000084c00000, 0x0000000084d00000|  0%| F|  |TAMS 0x0000000084c00000, 0x0000000084c00000| Untracked 
|  31|0x0000000084d00000, 0x0000000084d00000, 0x0000000084e00000|  0%| F|  |TAMS 0x0000000084d00000, 0x0000000084d00000| Untracked 
|  32|0x0000000084e00000, 0x0000000084e00000, 0x0000000084f00000|  0%| F|  |TAMS 0x0000000084e00000, 0x0000000084e00000| Untracked 
|  33|0x0000000084f00000, 0x0000000084f00000, 0x0000000085000000|  0%| F|  |TAMS 0x0000000084f00000, 0x0000000084f00000| Untracked 
|  34|0x0000000085000000, 0x0000000085000000, 0x0000000085100000|  0%| F|  |TAMS 0x0000000085000000, 0x0000000085000000| Untracked 
|  35|0x0000000085100000, 0x0000000085100000, 0x0000000085200000|  0%| F|  |TAMS 0x0000000085100000, 0x0000000085100000| Untracked 
|  36|0x0000000085200000, 0x0000000085200000, 0x0000000085300000|  0%| F|  |TAMS 0x0000000085200000, 0x0000000085200000| Untracked 
|  37|0x0000000085300000, 0x0000000085300000, 0x0000000085400000|  0%| F|  |TAMS 0x0000000085300000, 0x0000000085300000| Untracked 
|  38|0x0000000085400000, 0x0000000085400000, 0x0000000085500000|  0%| F|  |TAMS 0x0000000085400000, 0x0000000085400000| Untracked 
|  39|0x0000000085500000, 0x0000000085500000, 0x0000000085600000|  0%| F|  |TAMS 0x0000000085500000, 0x0000000085500000| Untracked 
|  40|0x0000000085600000, 0x0000000085600000, 0x0000000085700000|  0%| F|  |TAMS 0x0000000085600000, 0x0000000085600000| Untracked 
|  41|0x0000000085700000, 0x0000000085700000, 0x0000000085800000|  0%| F|  |TAMS 0x0000000085700000, 0x0000000085700000| Untracked 
|  42|0x0000000085800000, 0x0000000085800000, 0x0000000085900000|  0%| F|  |TAMS 0x0000000085800000, 0x0000000085800000| Untracked 
|  43|0x0000000085900000, 0x0000000085900000, 0x0000000085a00000|  0%| F|  |TAMS 0x0000000085900000, 0x0000000085900000| Untracked 
|  44|0x0000000085a00000, 0x0000000085a00000, 0x0000000085b00000|  0%| F|  |TAMS 0x0000000085a00000, 0x0000000085a00000| Untracked 
|  45|0x0000000085b00000, 0x0000000085b00000, 0x0000000085c00000|  0%| F|  |TAMS 0x0000000085b00000, 0x0000000085b00000| Untracked 
|  46|0x0000000085c00000, 0x0000000085c00000, 0x0000000085d00000|  0%| F|  |TAMS 0x0000000085c00000, 0x0000000085c00000| Untracked 
|  47|0x0000000085d00000, 0x0000000085d00000, 0x0000000085e00000|  0%| F|  |TAMS 0x0000000085d00000, 0x0000000085d00000| Untracked 
|  48|0x0000000085e00000, 0x0000000085e00000, 0x0000000085f00000|  0%| F|  |TAMS 0x0000000085e00000, 0x0000000085e00000| Untracked 
|  49|0x0000000085f00000, 0x0000000085f00000, 0x0000000086000000|  0%| F|  |TAMS 0x0000000085f00000, 0x0000000085f00000| Untracked 
|  50|0x0000000086000000, 0x0000000086000000, 0x0000000086100000|  0%| F|  |TAMS 0x0000000086000000, 0x0000000086000000| Untracked 
|  51|0x0000000086100000, 0x0000000086100000, 0x0000000086200000|  0%| F|  |TAMS 0x0000000086100000, 0x0000000086100000| Untracked 
|  52|0x0000000086200000, 0x0000000086200000, 0x0000000086300000|  0%| F|  |TAMS 0x0000000086200000, 0x0000000086200000| Untracked 
|  53|0x0000000086300000, 0x0000000086300000, 0x0000000086400000|  0%| F|  |TAMS 0x0000000086300000, 0x0000000086300000| Untracked 
|  54|0x0000000086400000, 0x0000000086400000, 0x0000000086500000|  0%| F|  |TAMS 0x0000000086400000, 0x0000000086400000| Untracked 
|  55|0x0000000086500000, 0x0000000086500000, 0x0000000086600000|  0%| F|  |TAMS 0x0000000086500000, 0x0000000086500000| Untracked 
|  56|0x0000000086600000, 0x0000000086600000, 0x0000000086700000|  0%| F|  |TAMS 0x0000000086600000, 0x0000000086600000| Untracked 
|  57|0x0000000086700000, 0x0000000086700000, 0x0000000086800000|  0%| F|  |TAMS 0x0000000086700000, 0x0000000086700000| Untracked 
|  58|0x0000000086800000, 0x0000000086800000, 0x0000000086900000|  0%| F|  |TAMS 0x0000000086800000, 0x0000000086800000| Untracked 
|  59|0x0000000086900000, 0x0000000086900000, 0x0000000086a00000|  0%| F|  |TAMS 0x0000000086900000, 0x0000000086900000| Untracked 
|  60|0x0000000086a00000, 0x0000000086a00000, 0x0000000086b00000|  0%| F|  |TAMS 0x0000000086a00000, 0x0000000086a00000| Untracked 
|  61|0x0000000086b00000, 0x0000000086b00000, 0x0000000086c00000|  0%| F|  |TAMS 0x0000000086b00000, 0x0000000086b00000| Untracked 
|  62|0x0000000086c00000, 0x0000000086c00000, 0x0000000086d00000|  0%| F|  |TAMS 0x0000000086c00000, 0x0000000086c00000| Untracked 
|  63|0x0000000086d00000, 0x0000000086d00000, 0x0000000086e00000|  0%| F|  |TAMS 0x0000000086d00000, 0x0000000086d00000| Untracked 
|  64|0x0000000086e00000, 0x0000000086e00000, 0x0000000086f00000|  0%| F|  |TAMS 0x0000000086e00000, 0x0000000086e00000| Untracked 
|  65|0x0000000086f00000, 0x0000000086f00000, 0x0000000087000000|  0%| F|  |TAMS 0x0000000086f00000, 0x0000000086f00000| Untracked 
|  66|0x0000000087000000, 0x0000000087000000, 0x0000000087100000|  0%| F|  |TAMS 0x0000000087000000, 0x0000000087000000| Untracked 
|  67|0x0000000087100000, 0x0000000087100000, 0x0000000087200000|  0%| F|  |TAMS 0x0000000087100000, 0x0000000087100000| Untracked 
|  68|0x0000000087200000, 0x0000000087200000, 0x0000000087300000|  0%| F|  |TAMS 0x0000000087200000, 0x0000000087200000| Untracked 
|  69|0x0000000087300000, 0x0000000087300000, 0x0000000087400000|  0%| F|  |TAMS 0x0000000087300000, 0x0000000087300000| Untracked 
|  70|0x0000000087400000, 0x0000000087400000, 0x0000000087500000|  0%| F|  |TAMS 0x0000000087400000, 0x0000000087400000| Untracked 
|  71|0x0000000087500000, 0x0000000087500000, 0x0000000087600000|  0%| F|  |TAMS 0x0000000087500000, 0x0000000087500000| Untracked 
|  72|0x0000000087600000, 0x0000000087600000, 0x0000000087700000|  0%| F|  |TAMS 0x0000000087600000, 0x0000000087600000| Untracked 
|  73|0x0000000087700000, 0x0000000087700000, 0x0000000087800000|  0%| F|  |TAMS 0x0000000087700000, 0x0000000087700000| Untracked 
|  74|0x0000000087800000, 0x0000000087800000, 0x0000000087900000|  0%| F|  |TAMS 0x0000000087800000, 0x0000000087800000| Untracked 
|  75|0x0000000087900000, 0x0000000087900000, 0x0000000087a00000|  0%| F|  |TAMS 0x0000000087900000, 0x0000000087900000| Untracked 
|  76|0x0000000087a00000, 0x0000000087a00000, 0x0000000087b00000|  0%| F|  |TAMS 0x0000000087a00000, 0x0000000087a00000| Untracked 
|  77|0x0000000087b00000, 0x0000000087b00000, 0x0000000087c00000|  0%| F|  |TAMS 0x0000000087b00000, 0x0000000087b00000| Untracked 
|  78|0x0000000087c00000, 0x0000000087c00000, 0x0000000087d00000|  0%| F|  |TAMS 0x0000000087c00000, 0x0000000087c00000| Untracked 
|  79|0x0000000087d00000, 0x0000000087d00000, 0x0000000087e00000|  0%| F|  |TAMS 0x0000000087d00000, 0x0000000087d00000| Untracked 
|  80|0x0000000087e00000, 0x0000000087e00000, 0x0000000087f00000|  0%| F|  |TAMS 0x0000000087e00000, 0x0000000087e00000| Untracked 
|  81|0x0000000087f00000, 0x0000000087f00000, 0x0000000088000000|  0%| F|  |TAMS 0x0000000087f00000, 0x0000000087f00000| Untracked 
|  82|0x0000000088000000, 0x0000000088000000, 0x0000000088100000|  0%| F|  |TAMS 0x0000000088000000, 0x0000000088000000| Untracked 
|  83|0x0000000088100000, 0x0000000088100000, 0x0000000088200000|  0%| F|  |TAMS 0x0000000088100000, 0x0000000088100000| Untracked 
|  84|0x0000000088200000, 0x0000000088200000, 0x0000000088300000|  0%| F|  |TAMS 0x0000000088200000, 0x0000000088200000| Untracked 
|  85|0x0000000088300000, 0x0000000088300000, 0x0000000088400000|  0%| F|  |TAMS 0x0000000088300000, 0x0000000088300000| Untracked 
|  86|0x0000000088400000, 0x0000000088400000, 0x0000000088500000|  0%| F|  |TAMS 0x0000000088400000, 0x0000000088400000| Untracked 
|  87|0x0000000088500000, 0x0000000088500000, 0x0000000088600000|  0%| F|  |TAMS 0x0000000088500000, 0x0000000088500000| Untracked 
|  88|0x0000000088600000, 0x0000000088600000, 0x0000000088700000|  0%| F|  |TAMS 0x0000000088600000, 0x0000000088600000| Untracked 
|  89|0x0000000088700000, 0x0000000088700000, 0x0000000088800000|  0%| F|  |TAMS 0x0000000088700000, 0x0000000088700000| Untracked 
|  90|0x0000000088800000, 0x0000000088800000, 0x0000000088900000|  0%| F|  |TAMS 0x0000000088800000, 0x0000000088800000| Untracked 
|  91|0x0000000088900000, 0x0000000088900000, 0x0000000088a00000|  0%| F|  |TAMS 0x0000000088900000, 0x0000000088900000| Untracked 
|  92|0x0000000088a00000, 0x0000000088a00000, 0x0000000088b00000|  0%| F|  |TAMS 0x0000000088a00000, 0x0000000088a00000| Untracked 
|  93|0x0000000088b00000, 0x0000000088b00000, 0x0000000088c00000|  0%| F|  |TAMS 0x0000000088b00000, 0x0000000088b00000| Untracked 
|  94|0x0000000088c00000, 0x0000000088c00000, 0x0000000088d00000|  0%| F|  |TAMS 0x0000000088c00000, 0x0000000088c00000| Untracked 
|  95|0x0000000088d00000, 0x0000000088d00000, 0x0000000088e00000|  0%| F|  |TAMS 0x0000000088d00000, 0x0000000088d00000| Untracked 
|  96|0x0000000088e00000, 0x0000000088e00000, 0x0000000088f00000|  0%| F|  |TAMS 0x0000000088e00000, 0x0000000088e00000| Untracked 
|  97|0x0000000088f00000, 0x0000000088f00000, 0x0000000089000000|  0%| F|  |TAMS 0x0000000088f00000, 0x0000000088f00000| Untracked 
|  98|0x0000000089000000, 0x0000000089000000, 0x0000000089100000|  0%| F|  |TAMS 0x0000000089000000, 0x0000000089000000| Untracked 
|  99|0x0000000089100000, 0x0000000089100000, 0x0000000089200000|  0%| F|  |TAMS 0x0000000089100000, 0x0000000089100000| Untracked 
| 100|0x0000000089200000, 0x0000000089200000, 0x0000000089300000|  0%| F|  |TAMS 0x0000000089200000, 0x0000000089200000| Untracked 
| 101|0x0000000089300000, 0x0000000089300000, 0x0000000089400000|  0%| F|  |TAMS 0x0000000089300000, 0x0000000089300000| Untracked 
| 102|0x0000000089400000, 0x0000000089400000, 0x0000000089500000|  0%| F|  |TAMS 0x0000000089400000, 0x0000000089400000| Untracked 
| 103|0x0000000089500000, 0x0000000089500000, 0x0000000089600000|  0%| F|  |TAMS 0x0000000089500000, 0x0000000089500000| Untracked 
| 104|0x0000000089600000, 0x0000000089600000, 0x0000000089700000|  0%| F|  |TAMS 0x0000000089600000, 0x0000000089600000| Untracked 
| 105|0x0000000089700000, 0x0000000089700000, 0x0000000089800000|  0%| F|  |TAMS 0x0000000089700000, 0x0000000089700000| Untracked 
| 106|0x0000000089800000, 0x0000000089800000, 0x0000000089900000|  0%| F|  |TAMS 0x0000000089800000, 0x0000000089800000| Untracked 
| 107|0x0000000089900000, 0x0000000089900000, 0x0000000089a00000|  0%| F|  |TAMS 0x0000000089900000, 0x0000000089900000| Untracked 
| 108|0x0000000089a00000, 0x0000000089a00000, 0x0000000089b00000|  0%| F|  |TAMS 0x0000000089a00000, 0x0000000089a00000| Untracked 
| 109|0x0000000089b00000, 0x0000000089b00000, 0x0000000089c00000|  0%| F|  |TAMS 0x0000000089b00000, 0x0000000089b00000| Untracked 
| 110|0x0000000089c00000, 0x0000000089c00000, 0x0000000089d00000|  0%| F|  |TAMS 0x0000000089c00000, 0x0000000089c00000| Untracked 
| 111|0x0000000089d00000, 0x0000000089d00000, 0x0000000089e00000|  0%| F|  |TAMS 0x0000000089d00000, 0x0000000089d00000| Untracked 
| 112|0x0000000089e00000, 0x0000000089e00000, 0x0000000089f00000|  0%| F|  |TAMS 0x0000000089e00000, 0x0000000089e00000| Untracked 
| 113|0x0000000089f00000, 0x0000000089f00000, 0x000000008a000000|  0%| F|  |TAMS 0x0000000089f00000, 0x0000000089f00000| Untracked 
| 114|0x000000008a000000, 0x000000008a000000, 0x000000008a100000|  0%| F|  |TAMS 0x000000008a000000, 0x000000008a000000| Untracked 
| 115|0x000000008a100000, 0x000000008a100000, 0x000000008a200000|  0%| F|  |TAMS 0x000000008a100000, 0x000000008a100000| Untracked 
| 116|0x000000008a200000, 0x000000008a200000, 0x000000008a300000|  0%| F|  |TAMS 0x000000008a200000, 0x000000008a200000| Untracked 
| 117|0x000000008a300000, 0x000000008a340010, 0x000000008a400000| 25%| E|  |TAMS 0x000000008a300000, 0x000000008a300000| Complete 
| 118|0x000000008a400000, 0x000000008a4ec908, 0x000000008a500000| 92%| E|  |TAMS 0x000000008a400000, 0x000000008a400000| Complete 
| 119|0x000000008a500000, 0x000000008a600000, 0x000000008a600000|100%| E|CS|TAMS 0x000000008a500000, 0x000000008a500000| Complete 
| 120|0x000000008a600000, 0x000000008a700000, 0x000000008a700000|100%| E|CS|TAMS 0x000000008a600000, 0x000000008a600000| Complete 
| 121|0x000000008a700000, 0x000000008a800000, 0x000000008a800000|100%| E|CS|TAMS 0x000000008a700000, 0x000000008a700000| Complete 
| 122|0x000000008a800000, 0x000000008a900000, 0x000000008a900000|100%| E|CS|TAMS 0x000000008a800000, 0x000000008a800000| Complete 
| 123|0x000000008a900000, 0x000000008aa00000, 0x000000008aa00000|100%| E|CS|TAMS 0x000000008a900000, 0x000000008a900000| Complete 
| 124|0x000000008aa00000, 0x000000008ab00000, 0x000000008ab00000|100%| E|CS|TAMS 0x000000008aa00000, 0x000000008aa00000| Complete 
| 125|0x000000008ab00000, 0x000000008ac00000, 0x000000008ac00000|100%| E|CS|TAMS 0x000000008ab00000, 0x000000008ab00000| Complete 

Card table byte_map: [0x000001f719c20000,0x000001f71a010000] _byte_map_base: 0x000001f719809000

Marking Bits (Prev, Next): (CMBitMap*) 0x000001f700e21440, (CMBitMap*) 0x000001f700e21480
 Prev Bits: [0x000001f71a400000, 0x000001f71c348000)
 Next Bits: [0x000001f71c350000, 0x000001f71e298000)

Polling page: 0x000001f700e80000

Metaspace:

Usage:
  Non-class:      8.19 MB used.
      Class:    770.01 KB used.
       Both:      8.94 MB used.

Virtual space:
  Non-class space:       16.00 MB reserved,       8.25 MB ( 52%) committed,  2 nodes.
      Class space:        1.00 GB reserved,     896.00 KB ( <1%) committed,  1 nodes.
             Both:        1.02 GB reserved,       9.12 MB ( <1%) committed. 

Chunk freelists:
   Non-Class:  2.99 MB
       Class:  3.12 MB
        Both:  6.11 MB

MaxMetaspaceSize: unlimited
CompressedClassSpaceSize: 1.00 GB
Initial GC threshold: 21.00 MB
Current GC threshold: 21.00 MB
CDS: off
MetaspaceReclaimPolicy: balanced
 - commit_granule_bytes: 65536.
 - commit_granule_words: 8192.
 - virtual_space_node_default_size: 1048576.
 - enlarge_chunks_in_place: 1.
 - new_chunks_are_fully_committed: 0.
 - uncommit_free_chunks: 1.
 - use_allocation_guard: 0.
 - handle_deallocations: 1.


Internal statistics:

num_allocs_failed_limit: 0.
num_arena_births: 12.
num_arena_deaths: 0.
num_vsnodes_births: 3.
num_vsnodes_deaths: 0.
num_space_committed: 147.
num_space_uncommitted: 0.
num_chunks_returned_to_freelist: 0.
num_chunks_taken_from_freelist: 33.
num_chunk_merges: 0.
num_chunk_splits: 12.
num_chunks_enlarged: 5.
num_purges: 0.
num_inconsistent_stats: 0.

CodeHeap 'non-profiled nmethods': size=120000Kb used=160Kb max_used=160Kb free=119839Kb
 bounds [0x000001f711890000, 0x000001f711b00000, 0x000001f718dc0000]
CodeHeap 'profiled nmethods': size=120000Kb used=948Kb max_used=948Kb free=119051Kb
 bounds [0x000001f70a360000, 0x000001f70a5d0000, 0x000001f711890000]
CodeHeap 'non-nmethods': size=5760Kb used=1136Kb max_used=1143Kb free=4623Kb
 bounds [0x000001f709dc0000, 0x000001f70a030000, 0x000001f70a360000]
 total_blobs=949 nmethods=527 adapters=335
 compilation: enabled
              stopped_count=0, restarted_count=0
 full_count=0

Compilation events (20 events):
Event: 1.465 Thread 0x000001f721869c70 nmethod 493 0x000001f7118b6e10 code [0x000001f7118b6fa0, 0x000001f7118b7078]
Event: 1.465 Thread 0x000001f721869c70  494       1       sun.nio.fs.WindowsFileSystem::provider (5 bytes)
Event: 1.465 Thread 0x000001f721869c70 nmethod 494 0x000001f7118b7110 code [0x000001f7118b72a0, 0x000001f7118b7378]
Event: 1.465 Thread 0x000001f721869c70  495       1       sun.nio.fs.NativeBuffer::owner (5 bytes)
Event: 1.466 Thread 0x000001f721869c70 nmethod 495 0x000001f7118b7410 code [0x000001f7118b75a0, 0x000001f7118b7678]
Event: 1.469 Thread 0x000001f721869c70  496       3       sun.net.util.IPAddressUtil::checkHostString (53 bytes)
Event: 1.470 Thread 0x000001f721869c70 nmethod 496 0x000001f70a430010 code [0x000001f70a4302c0, 0x000001f70a430e48]
Event: 1.470 Thread 0x000001f721869c70  497       3       sun.net.util.IPAddressUtil::scan (92 bytes)
Event: 1.471 Thread 0x000001f721869c70 nmethod 497 0x000001f70a431290 code [0x000001f70a431500, 0x000001f70a432038]
Event: 1.471 Thread 0x000001f721869c70  498       3       java.lang.String::indexOf (18 bytes)
Event: 1.471 Thread 0x000001f721869c70 nmethod 498 0x000001f70a432610 code [0x000001f70a4327e0, 0x000001f70a432aa8]
Event: 1.473 Thread 0x000001f721869c70  500       3       java.lang.Runtime$Version::feature (17 bytes)
Event: 1.473 Thread 0x000001f721869c70 nmethod 500 0x000001f70a432c10 code [0x000001f70a432dc0, 0x000001f70a4330a8]
Event: 1.476 Thread 0x000001f721869c70  501   !   3       java.util.jar.JarFile::checkForSpecialAttributes (163 bytes)
Event: 1.478 Thread 0x000001f721869c70 nmethod 501 0x000001f70a433190 code [0x000001f70a4334a0, 0x000001f70a4346d8]
Event: 1.480 Thread 0x000001f720db1d90  502 %     4       java.io.WinNTFileSystem::normalize @ 58 (224 bytes)
Event: 1.494 Thread 0x000001f721869c70  503       3       java.lang.ref.Cleaner::register (25 bytes)
Event: 1.494 Thread 0x000001f721869c70 nmethod 503 0x000001f70a434e90 code [0x000001f70a435080, 0x000001f70a4355c8]
Event: 1.494 Thread 0x000001f721869c70  504       3       jdk.internal.ref.CleanerImpl$PhantomCleanableRef::<init> (12 bytes)
Event: 1.495 Thread 0x000001f721869c70 nmethod 504 0x000001f70a435810 code [0x000001f70a4359c0, 0x000001f70a435b68]

GC Heap History (0 events):
No events

Deoptimization events (20 events):
Event: 0.761 Thread 0x000001f700ddd810 DEOPT PACKING pc=0x000001f711891e84 sp=0x000000eebc1fde60
Event: 0.761 Thread 0x000001f700ddd810 DEOPT UNPACKING pc=0x000001f709e123a3 sp=0x000000eebc1fddf8 mode 2
Event: 0.830 Thread 0x000001f700ddd810 Uncommon trap: trap_request=0xffffff45 fr.pc=0x000001f711891078 relative=0x0000000000000078
Event: 0.830 Thread 0x000001f700ddd810 Uncommon trap: reason=unstable_if action=reinterpret pc=0x000001f711891078 method=java.lang.String.isLatin1()Z @ 10 c2
Event: 0.830 Thread 0x000001f700ddd810 DEOPT PACKING pc=0x000001f711891078 sp=0x000000eebc1fea90
Event: 0.830 Thread 0x000001f700ddd810 DEOPT UNPACKING pc=0x000001f709e123a3 sp=0x000000eebc1fe9d0 mode 2
Event: 1.048 Thread 0x000001f700ddd810 Uncommon trap: trap_request=0xffffffde fr.pc=0x000001f71189f16c relative=0x000000000000080c
Event: 1.048 Thread 0x000001f700ddd810 Uncommon trap: reason=class_check action=maybe_recompile pc=0x000001f71189f16c method=java.util.HashMap.putVal(ILjava/lang/Object;Ljava/lang/Object;ZZ)Ljava/lang/Object; @ 152 c2
Event: 1.048 Thread 0x000001f700ddd810 DEOPT PACKING pc=0x000001f71189f16c sp=0x000000eebc1fbb10
Event: 1.048 Thread 0x000001f700ddd810 DEOPT UNPACKING pc=0x000001f709e123a3 sp=0x000000eebc1fba90 mode 2
Event: 1.140 Thread 0x000001f700ddd810 DEOPT PACKING pc=0x000001f70a3ee40c sp=0x000000eebc1fe080
Event: 1.140 Thread 0x000001f700ddd810 DEOPT UNPACKING pc=0x000001f709e12b43 sp=0x000000eebc1fd510 mode 0
Event: 1.140 Thread 0x000001f700ddd810 DEOPT PACKING pc=0x000001f70a3ee40c sp=0x000000eebc1fe080
Event: 1.140 Thread 0x000001f700ddd810 DEOPT UNPACKING pc=0x000001f709e12b43 sp=0x000000eebc1fd510 mode 0
Event: 1.140 Thread 0x000001f700ddd810 DEOPT PACKING pc=0x000001f70a3ee40c sp=0x000000eebc1fe080
Event: 1.140 Thread 0x000001f700ddd810 DEOPT UNPACKING pc=0x000001f709e12b43 sp=0x000000eebc1fd510 mode 0
Event: 1.140 Thread 0x000001f700ddd810 DEOPT PACKING pc=0x000001f70a3ee40c sp=0x000000eebc1fe080
Event: 1.140 Thread 0x000001f700ddd810 DEOPT UNPACKING pc=0x000001f709e12b43 sp=0x000000eebc1fd510 mode 0
Event: 1.140 Thread 0x000001f700ddd810 DEOPT PACKING pc=0x000001f70a3ee40c sp=0x000000eebc1fe080
Event: 1.140 Thread 0x000001f700ddd810 DEOPT UNPACKING pc=0x000001f709e12b43 sp=0x000000eebc1fd510 mode 0

Classes unloaded (0 events):
No events

Classes redefined (0 events):
No events

Internal exceptions (0 events):
No events

VM Operations (4 events):
Event: 0.799 Executing VM operation: HandshakeAllThreads
Event: 0.799 Executing VM operation: HandshakeAllThreads done
Event: 1.040 Executing VM operation: HandshakeAllThreads
Event: 1.040 Executing VM operation: HandshakeAllThreads done

Events (20 events):
Event: 1.143 loading class java/util/TreeMap
Event: 1.145 loading class java/util/NavigableMap
Event: 1.146 loading class java/util/SortedMap
Event: 1.147 loading class java/util/SortedMap done
Event: 1.147 loading class java/util/NavigableMap done
Event: 1.147 loading class java/util/TreeMap done
Event: 1.147 loading class java/util/TreeMap$Entry
Event: 1.148 loading class java/util/TreeMap$Entry done
Event: 1.148 loading class java/util/TreeMap$KeySet
Event: 1.148 loading class java/util/TreeMap$KeySet done
Event: 1.148 loading class java/util/TreeMap$KeyIterator
Event: 1.148 loading class java/util/TreeMap$PrivateEntryIterator
Event: 1.148 loading class java/util/TreeMap$PrivateEntryIterator done
Event: 1.148 loading class java/util/TreeMap$KeyIterator done
Event: 1.227 loading class java/util/zip/ZipException
Event: 1.228 loading class java/util/zip/ZipException done
Event: 1.228 loading class java/io/RandomAccessFile$1
Event: 1.228 loading class java/io/RandomAccessFile$1 done
Event: 1.230 loading class java/security/PrivilegedActionException
Event: 1.230 loading class java/security/PrivilegedActionException done


Dynamic libraries:
0x00007ff653ef0000 - 0x00007ff653f00000 	C:\Program Files\Java\jdk-17.0.1\bin\java.exe
0x00007ffcfc230000 - 0x00007ffcfc444000 	C:\WINDOWS\SYSTEM32\ntdll.dll
0x00007ffcfb2e0000 - 0x00007ffcfb3a3000 	C:\WINDOWS\System32\KERNEL32.DLL
0x00007ffcf96f0000 - 0x00007ffcf9a8d000 	C:\WINDOWS\System32\KERNELBASE.dll
0x00007ffcf9a90000 - 0x00007ffcf9ba1000 	C:\WINDOWS\System32\ucrtbase.dll
0x00007ffcdc930000 - 0x00007ffcdc948000 	C:\Program Files\Java\jdk-17.0.1\bin\jli.dll
0x00007ffcfad20000 - 0x00007ffcfadce000 	C:\WINDOWS\System32\ADVAPI32.dll
0x00007ffcfb0e0000 - 0x00007ffcfb187000 	C:\WINDOWS\System32\msvcrt.dll
0x00007ffcfa250000 - 0x00007ffcfa2f4000 	C:\WINDOWS\System32\sechost.dll
0x00007ffcfa5b0000 - 0x00007ffcfa6c5000 	C:\WINDOWS\System32\RPCRT4.dll
0x00007ffcfa300000 - 0x00007ffcfa4ad000 	C:\WINDOWS\System32\USER32.dll
0x00007ffcf9ff0000 - 0x00007ffcfa016000 	C:\WINDOWS\System32\win32u.dll
0x00007ffcfa6d0000 - 0x00007ffcfa6f9000 	C:\WINDOWS\System32\GDI32.dll
0x00007ffcf9e50000 - 0x00007ffcf9f62000 	C:\WINDOWS\System32\gdi32full.dll
0x00007ffcf9650000 - 0x00007ffcf96ea000 	C:\WINDOWS\System32\msvcp_win.dll
0x00007ffcdc480000 - 0x00007ffcdc49a000 	C:\Program Files\Java\jdk-17.0.1\bin\VCRUNTIME140.dll
0x00007ffcf8830000 - 0x00007ffcf8abe000 	C:\WINDOWS\WinSxS\amd64_microsoft.windows.common-controls_6595b64144ccf1df_6.0.22621.608_none_a9444ca7c10bb01d\COMCTL32.dll
0x00007ffcf5e90000 - 0x00007ffcf5e9a000 	C:\WINDOWS\SYSTEM32\VERSION.dll
0x00007ffcfbba0000 - 0x00007ffcfbbd2000 	C:\WINDOWS\System32\IMM32.DLL
0x00007ffcde210000 - 0x00007ffcde21c000 	C:\Program Files\Java\jdk-17.0.1\bin\vcruntime140_1.dll
0x00007ffc971f0000 - 0x00007ffc9727d000 	C:\Program Files\Java\jdk-17.0.1\bin\msvcp140.dll
0x00007ffc6f940000 - 0x00007ffc704fe000 	C:\Program Files\Java\jdk-17.0.1\bin\server\jvm.dll
0x00007ffcfbf70000 - 0x00007ffcfbf78000 	C:\WINDOWS\System32\PSAPI.DLL
0x00007ffcc6400000 - 0x00007ffcc6409000 	C:\WINDOWS\SYSTEM32\WSOCK32.dll
0x00007ffcfa530000 - 0x00007ffcfa5a1000 	C:\WINDOWS\System32\WS2_32.dll
0x00007ffceb270000 - 0x00007ffceb2a4000 	C:\WINDOWS\SYSTEM32\WINMM.dll
0x00007ffcf7880000 - 0x00007ffcf7898000 	C:\WINDOWS\SYSTEM32\kernel.appcore.dll
0x00007ffcdabd0000 - 0x00007ffcdabda000 	C:\Program Files\Java\jdk-17.0.1\bin\jimage.dll
0x00007ffcf8fc0000 - 0x00007ffcf91ee000 	C:\WINDOWS\SYSTEM32\DBGHELP.DLL
0x00007ffcfbbe0000 - 0x00007ffcfbf6a000 	C:\WINDOWS\System32\combase.dll
0x00007ffcfae30000 - 0x00007ffcfaf07000 	C:\WINDOWS\System32\OLEAUT32.dll
0x00007ffcf8e10000 - 0x00007ffcf8e42000 	C:\WINDOWS\SYSTEM32\dbgcore.DLL
0x00007ffcf9f70000 - 0x00007ffcf9feb000 	C:\WINDOWS\System32\bcryptPrimitives.dll
0x00007ffcef3a0000 - 0x00007ffcef3ae000 	C:\Program Files\Java\jdk-17.0.1\bin\instrument.dll
0x00007ffccd7a0000 - 0x00007ffccd7c5000 	C:\Program Files\Java\jdk-17.0.1\bin\java.dll
0x00007ffccd390000 - 0x00007ffccd3a8000 	C:\Program Files\Java\jdk-17.0.1\bin\zip.dll
0x00007ffc90740000 - 0x00007ffc90816000 	C:\Program Files\Java\jdk-17.0.1\bin\svml.dll
0x00007ffcfb3b0000 - 0x00007ffcfbb9f000 	C:\WINDOWS\System32\SHELL32.dll
0x00007ffcf6770000 - 0x00007ffcf7038000 	C:\WINDOWS\SYSTEM32\windows.storage.dll
0x00007ffcf6630000 - 0x00007ffcf676e000 	C:\WINDOWS\SYSTEM32\wintypes.dll
0x00007ffcfa140000 - 0x00007ffcfa231000 	C:\WINDOWS\System32\SHCORE.dll
0x00007ffcfbf90000 - 0x00007ffcfbfee000 	C:\WINDOWS\System32\shlwapi.dll
0x00007ffcf9580000 - 0x00007ffcf95a1000 	C:\WINDOWS\SYSTEM32\profapi.dll
0x00007ffcce720000 - 0x00007ffcce739000 	C:\Program Files\Java\jdk-17.0.1\bin\net.dll
0x00007ffcf3e50000 - 0x00007ffcf3f7f000 	C:\WINDOWS\SYSTEM32\WINHTTP.dll
0x00007ffcf8480000 - 0x00007ffcf84e9000 	C:\WINDOWS\system32\mswsock.dll
0x00007ffccd780000 - 0x00007ffccd795000 	C:\Program Files\Java\jdk-17.0.1\bin\nio.dll
0x00007ffcedd60000 - 0x00007ffcedd7a000 	C:\Program Files\Android\Android Studio\bin\breakgen64.dll

dbghelp: loaded successfully - version: 4.0.5 - missing functions: none
symbol engine: initialized successfully - sym options: 0x614 - pdb path: .;C:\Program Files\Java\jdk-17.0.1\bin;C:\WINDOWS\SYSTEM32;C:\WINDOWS\WinSxS\amd64_microsoft.windows.common-controls_6595b64144ccf1df_6.0.22621.608_none_a9444ca7c10bb01d;C:\Program Files\Java\jdk-17.0.1\bin\server;C:\Program Files\Android\Android Studio\bin

VM Arguments:
jvm_args: -javaagent:C:\Users\gilad\AppData\Local\Google\AndroidStudio2021.3\testAgent\intellij-coverage-agent-1.0.613.jar=C:\Users\gilad\AppData\Local\Temp\coverage11args -Didea.new.sampling.coverage=true -Dcoverage.ignore.private.constructor.util.class=true -javaagent:C:\Program Files\Android\Android Studio\lib\idea_rt.jar=55110:C:\Program Files\Android\Android Studio\bin -Dfile.encoding=UTF-8 
java_command: connection.HttpManager
java_class_path (initial): D:\gilad\programs\University\softwere_eng\TeachMe\loginPage\app\build\intermediates\javac\debug\classes;D:\gilad\programs\University\softwere_eng\TeachMe\loginPage\app\build\intermediates\compile_and_runtime_not_namespaced_r_class_jar\debug\R.jar;D:\gilad\programs\University\softwere_eng\TeachMe\loginPage\app\build\generated\res\google-services\debug;D:\gilad\programs\University\softwere_eng\TeachMe\loginPage\app\build\generated\res\resValues\debug;C:\Users\gilad\.gradle\caches\modules-2\files-2.1\androidx.annotation\annotation\1.3.0\21f49f5f9b85fc49de712539f79123119740595\annotation-1.3.0.jar;C:\Users\gilad\.gradle\caches\modules-2\files-2.1\androidx.arch.core\core-common\2.1.0\b3152fc64428c9354344bd89848ecddc09b6f07e\core-common-2.1.0.jar;C:\Users\gilad\.gradle\caches\modules-2\files-2.1\androidx.lifecycle\lifecycle-common\2.5.1\1fdb7349701e9cf2f0a69fc10642b6fef6bb3e12\lifecycle-common-2.5.1.jar;C:\Users\gilad\.gradle\caches\modules-2\files-2.1\androidx.collection\collection\1.1.0\1f27220b47669781457de0d600849a5de0e89909\collection-1.1.0.jar;C:\Users\gilad\.gradle\caches\modules-2\files-2.1\org.jetbrains.kotlin\kotlin-stdlib\1.7.10\d2abf9e77736acc4450dc4a3f707fa2c10f5099d\kotlin-stdlib-1.7.10.jar;C:\Users\gilad\.gradle\caches\modules-2\files-2.1\org.jetbrains.kotlin\kotlin-stdlib-common\1.7.10\bac80c520d0a9e3f3673bc2658c6ed02ef45a76a\kotlin-stdlib-common-1.7.10.jar;C:\Users\gilad\.gradle\caches\modules-2\files-2.1\org.jetbrains\annotations\13.0\919f0dfe192fb4e063e7dacadee7f8bb9a2672a9\annotations-13.0.jar;C:\Users\gilad\.gradle\caches\modules-2\files-2.1\org.jetbrains.kotlinx\kotlinx-coroutines-android\1.6.1\4e61fcdcc508cbaa37c4a284a50205d7c7767e37\kotlinx-coroutines-android-1.6.1.jar;C:\Users\gilad\.gradle\caches\modules-2\files-2.1\org.jetbrains.kotlinx\kotlinx-coroutines-core-jvm\1.6.1\97fd74ccf54a863d221956ffcd21835e168e2aaa\kotlinx-coroutines-core-jvm-1.6.1.jar;C:\Users\gilad\.gradle\caches\modules-2\files-2.1\org.jetbrains.kotlin
Launcher Type: SUN_STANDARD

[Global flags]
     intx CICompilerCount                          = 4                                         {product} {ergonomic}
     uint ConcGCThreads                            = 2                                         {product} {ergonomic}
     uint G1ConcRefinementThreads                  = 8                                         {product} {ergonomic}
   size_t G1HeapRegionSize                         = 1048576                                   {product} {ergonomic}
    uintx GCDrainStackTargetSize                   = 64                                        {product} {ergonomic}
   size_t InitialHeapSize                          = 132120576                                 {product} {ergonomic}
   size_t MarkStackSize                            = 4194304                                   {product} {ergonomic}
   size_t MaxHeapSize                              = 2099249152                                {product} {ergonomic}
   size_t MaxNewSize                               = 1259339776                                {product} {ergonomic}
   size_t MinHeapDeltaBytes                        = 1048576                                   {product} {ergonomic}
   size_t MinHeapSize                              = 8388608                                   {product} {ergonomic}
    uintx NonNMethodCodeHeapSize                   = 5839372                                {pd product} {ergonomic}
    uintx NonProfiledCodeHeapSize                  = 122909434                              {pd product} {ergonomic}
    uintx ProfiledCodeHeapSize                     = 122909434                              {pd product} {ergonomic}
    uintx ReservedCodeCacheSize                    = 251658240                              {pd product} {ergonomic}
     bool SegmentedCodeCache                       = true                                      {product} {ergonomic}
   size_t SoftMaxHeapSize                          = 2099249152                             {manageable} {ergonomic}
     bool UseCompressedClassPointers               = true                           {product lp64_product} {ergonomic}
     bool UseCompressedOops                        = true                           {product lp64_product} {ergonomic}
     bool UseG1GC                                  = true                                      {product} {ergonomic}
     bool UseLargePagesIndividualAllocation        = false                                  {pd product} {ergonomic}

Logging:
Log output configuration:
 #0: stdout all=warning uptime,level,tags
 #1: stderr all=off uptime,level,tags

Environment Variables:
JAVA_HOME=C:\Program Files\Java\jdk-17.0.1
PATH=C:\Program Files\Common Files\Oracle\Java\javapath;C:\Program Files\Microsoft MPI\Bin\;C:\Program Files (x86)\Razer Chroma SDK\bin;C:\Program Files\Razer Chroma SDK\bin;C:\Program Files (x86)\Razer\ChromaBroadcast\bin;C:\Program Files\Razer\ChromaBroadcast\bin;C:\Windows\system32;C:\Windows;C:\Windows\System32\Wbem;C:\Windows\System32\WindowsPowerShell\v1.0\;C:\Windows\System32\OpenSSH\;C:\Program Files (x86)\NVIDIA Corporation\PhysX\Common;C:\Program Files\NVIDIA Corporation\NVIDIA NvDLISR;C:\Program Files\dotnet\;C:\Program Files\Microsoft SQL Server\130\Tools\Binn\;C:\Program Files\Microsoft SQL Server\Client SDK\ODBC\170\Tools\Binn\;C:\WINDOWS\system32;C:\WINDOWS;C:\WINDOWS\System32\Wbem;C:\WINDOWS\System32\WindowsPowerShell\v1.0\;C:\WINDOWS\System32\OpenSSH\;C:\Program Files\Git\cmd;C:\Users\gilad\AppData\Local\Programs\Python\Python38-32\;C:\Users\gilad\AppData\Local\Microsoft\WindowsApps;C:\Users\gilad\.dotnet\tools;C:\Program Files\WinRAR;C:\Program Files (x86)\Microsoft SQL Server\150\Tools\Binn\;C:\Program Files\Microsoft SQL Server\150\Tools\Binn\;C:\Program Files\Microsoft SQL Server\150\DTS\Binn\;C:\Program Files (x86)\Microsoft SQL Server\150\DTS\Binn\;C:\Users\gilad\AppData\Local\Programs\Python\Python38-32\Scripts;D:\gilad\לימודים\אריאל\מדמח\שנה א - 2020-2021\סמסטר ב\ארכיטקטורה של מחשבים\nand2tetris\nand2tetris\tools;C:\Program Files (x86)\GnuWin32\bin;D:\gilad\לימודים\אריאל\מדמח\שנה ב - 2021-2022\סמסטר ב\מעבדת הגנה\SysinternalsSuite;D:\gilad\programs\opencv\build\x64\vc15\bin\;C:\Program Files (x86)\dotnet\;C:\WINDOWS\system32;C:\WINDOWS;C:\WINDOWS\System32\Wbem;C:\WINDOWS\System32\WindowsPowerShell\v1.0\;C:\WINDOWS\System32\OpenSSH\;C:\Users\gilad\AppData\Local\Microsoft\WindowsApps;C:\Program Files\JetBrains\PyCharm Community Edition 2019.3\bin;C:\Users\gilad\AppData\Local\Programs\MiKTeX 2.9\miktex\bin\x64\;C:\Users\gilad\AppData\Local\GitHubDesktop\bin;C:\Users\gilad\AppData\Local\Programs\Fiddler;C:\Program Files\JetBrains\IntelliJ IDEA Commu
USERNAME=gilad
OS=Windows_NT
PROCESSOR_IDENTIFIER=Intel64 Family 6 Model 142 Stepping 12, GenuineIntel



---------------  S Y S T E M  ---------------

OS:
 Windows 10 , 64 bit Build 22621 (10.0.22621.963)
OS uptime: 2 days 0:44 hours

CPU: total 8 (initial active 8) (4 cores per cpu, 2 threads per core) family 6 model 142 stepping 12 microcode 0xde, cx8, cmov, fxsr, ht, mmx, 3dnowpref, sse, sse2, sse3, ssse3, sse4.1, sse4.2, popcnt, lzcnt, tsc, tscinvbit, avx, avx2, aes, erms, clmul, bmi1, bmi2, adx, fma, vzeroupper, clflush, clflushopt

Memory: 4k page, system-wide physical 8005M (320M free)
TotalPageFile size 32581M (AvailPageFile size 1M)
current process WorkingSet (physical memory assigned to process): 47M, peak: 47M
current process commit charge ("private bytes"): 212M, peak: 212M

vm_info: Java HotSpot(TM) 64-Bit Server VM (17.0.1+12-LTS-39) for windows-amd64 JRE (17.0.1+12-LTS-39), built on Sep 27 2021 18:41:35 by "mach5one" with MS VC++ 16.8 (VS2019)

END.
